2026-07-08 22:02:42,009 - INFO - ============================================================
2026-07-08 22:02:42,010 - INFO - AI-Assisted Genetic Purity Prediction Pipeline Started
2026-07-08 22:02:42,010 - INFO - ============================================================
2026-07-08 22:02:42,010 - INFO - Step 1: Retrieving System Hardware & Software Info...
2026-07-08 22:02:42,054 - INFO - 
Python Version:      3.12.6 (tags/v3.12.6:a4a2d2b, Sep  6 2024, 20:11:23) [MSC v.1940 64 bit (AMD64)]
TensorFlow Version:  2.20.0
OS Platform:         Windows-11-10.0.26200-SP0
System Architecture: AMD64
Device Info:
  * CPUs detected: 1
  * GPUs detected: 0 (No GPU available, running on CPU)

2026-07-08 22:02:42,056 - INFO - System info saved to: results\system_info.txt
2026-07-08 22:02:42,057 - INFO - Step 2: Locating and Validating Dataset Directories...
2026-07-08 22:02:42,058 - INFO - Training Directory: C:\Users\SANDEEP P\Downloads\Ganapati\9thday\dataset\train
2026-07-08 22:02:42,059 - INFO - Testing Directory:  C:\Users\SANDEEP P\Downloads\Ganapati\9thday\dataset\test
2026-07-08 22:02:42,059 - INFO - Step 3: Calculating Dataset Statistics...
2026-07-08 22:02:42,070 - INFO - 
Number of classes: 3
Class names:       ['male', 'female', 'hybrid']

Training Dataset:
  Total Images:    240
    - male: 80 images
    - female: 80 images
    - hybrid: 80 images

Testing Dataset:
  Total Images:    60
    - male: 20 images
    - female: 20 images
    - hybrid: 20 images

2026-07-08 22:02:42,074 - INFO - Dataset summary saved to: results\dataset_summary.txt
2026-07-08 22:02:42,075 - INFO - Step 4: Loading Dataset using image_dataset_from_directory...
2026-07-08 22:02:42,470 - INFO - Detected class labels: ['female', 'hybrid', 'male']
2026-07-08 22:02:42,471 - INFO - Class mapping successfully saved to: results\classes.txt
2026-07-08 22:02:42,486 - INFO - Training set loaded: 8 batches of size 32.
2026-07-08 22:02:42,488 - INFO - Testing set loaded: 2 batches of size 32.
2026-07-08 22:02:42,488 - INFO - Step 5: Preprocessing Datasets & Implementing Performance Optimizations...
2026-07-08 22:02:42,961 - INFO - Step 6: Constructing Model with MobileNet Backbone...
2026-07-08 22:02:43,762 - INFO - Model architecture summary saved to: results\model_summary.txt
2026-07-08 22:02:43,763 - INFO - Step 7: Beginning Model Training (epochs=10)...
2026-07-08 22:04:07,666 - INFO - Model training finished in 83.90 seconds.
2026-07-08 22:04:07,680 - INFO - Training history saved to: results\training_history.csv
2026-07-08 22:04:07,680 - INFO - Step 8: Beginning Model Evaluation...
2026-07-08 22:04:07,681 - INFO - Executing evaluation predictions on the test dataset...
2026-07-08 22:04:12,188 - INFO - 
============================================================
2026-07-08 22:04:12,190 - INFO - EVALUATION SUMMARY
2026-07-08 22:04:12,190 - INFO - ============================================================
2026-07-08 22:04:12,190 - INFO - Accuracy:  1.0000
2026-07-08 22:04:12,190 - INFO - Loss:      0.0475
2026-07-08 22:04:12,191 - INFO - Precision: 1.0000
2026-07-08 22:04:12,191 - INFO - Recall:    1.0000
2026-07-08 22:04:12,191 - INFO - F1 Score:  1.0000
2026-07-08 22:04:12,192 - INFO - 
Classification Report:
2026-07-08 22:04:12,192 - INFO - 
              precision    recall  f1-score   support

      female       1.00      1.00      1.00        20
      hybrid       1.00      1.00      1.00        20
        male       1.00      1.00      1.00        20

    accuracy                           1.00        60
   macro avg       1.00      1.00      1.00        60
weighted avg       1.00      1.00      1.00        60

2026-07-08 22:04:12,192 - INFO - 
Confusion Matrix:
2026-07-08 22:04:12,195 - INFO - 
[[20  0  0]
 [ 0 20  0]
 [ 0  0 20]]
2026-07-08 22:04:12,195 - INFO - ============================================================
2026-07-08 22:04:12,197 - INFO - Step 9: Generating Graphs, Report, & Metrics Files...
2026-07-08 22:04:14,475 - INFO - Metrics summary saved to: results\metrics.txt
2026-07-08 22:04:14,476 - INFO - Step 10: Saving Final Model...
2026-07-08 22:04:14,898 - INFO - Trained model successfully saved to: model.keras
2026-07-08 22:04:14,898 - INFO - Execution completed successfully. Total execution time: 92.89 seconds.
2026-07-08 22:04:15,874 - WARNING - From C:\Users\SANDEEP P\AppData\Local\Programs\Python\Python312\Lib\site-packages\keras\src\backend\common\global_state.py:82: The name tf.reset_default_graph is deprecated. Please use tf.compat.v1.reset_default_graph instead.

